g:\qtproject\ctcproject\x64\debug\stationlogdisptky.obj
g:\qtproject\ctcproject\x64\debug\ctcobject.obj
g:\qtproject\ctcproject\x64\debug\stasemiautoblock.obj
g:\qtproject\ctcproject\x64\debug\stastateprotocol.obj
g:\qtproject\ctcproject\x64\debug\stationctrldisp.obj
g:\qtproject\ctcproject\x64\debug\stationmultidisptky.obj
g:\qtproject\ctcproject\x64\debug\devicebase.obj
g:\qtproject\ctcproject\x64\debug\stasignal.obj
g:\qtproject\ctcproject\x64\debug\stationmultidispksk.obj
g:\qtproject\ctcproject\x64\debug\global.obj
g:\qtproject\ctcproject\x64\debug\staderailer.obj
g:\qtproject\ctcproject\x64\debug\stationobject.obj
g:\qtproject\ctcproject\x64\debug\ctcmainwindow.obj
g:\qtproject\ctcproject\x64\debug\servertcp.obj
g:\qtproject\ctcproject\x64\debug\stascattered.obj
g:\qtproject\ctcproject\x64\debug\stationviewksk.obj
g:\qtproject\ctcproject\x64\debug\sockettcp.obj
g:\qtproject\ctcproject\x64\debug\staautoblock.obj
g:\qtproject\ctcproject\x64\debug\staswitch.obj
g:\qtproject\ctcproject\x64\debug\stationctrldispksk.obj
g:\qtproject\ctcproject\x64\debug\main.obj
g:\qtproject\ctcproject\x64\debug\stabutton.obj
g:\qtproject\ctcproject\x64\debug\statext.obj
g:\qtproject\ctcproject\x64\debug\stationctrldisptky.obj
g:\qtproject\ctcproject\x64\debug\serialport.obj
g:\qtproject\ctcproject\x64\debug\socketudp.obj
g:\qtproject\ctcproject\x64\debug\stalocomotive.obj
g:\qtproject\ctcproject\x64\debug\stationlogdispksk.obj
g:\qtproject\ctcproject\x64\debug\stationviewtky.obj
g:\qtproject\ctcproject\x64\debug\staconnection.obj
g:\qtproject\ctcproject\x64\debug\statrack.obj
g:\qtproject\ctcproject\x64\debug\vc142.pdb
g:\qtproject\ctcproject\x64\debug\moc_stationlogdisptky.obj
g:\qtproject\ctcproject\x64\debug\moc_stationmultidisp.obj
g:\qtproject\ctcproject\x64\debug\moc_stationmultidisptky.obj
g:\qtproject\ctcproject\x64\debug\moc_socketudp.obj
g:\qtproject\ctcproject\x64\debug\moc_stationviewtky.obj
g:\qtproject\ctcproject\x64\debug\moc_ctcmainwindow.obj
g:\qtproject\ctcproject\x64\debug\moc_stationlogdispksk.obj
g:\qtproject\ctcproject\x64\debug\moc_devicebase.obj
g:\qtproject\ctcproject\x64\debug\moc_stationmultidispksk.obj
g:\qtproject\ctcproject\x64\debug\moc_stationctrldisp.obj
g:\qtproject\ctcproject\x64\debug\moc_stationctrldisptky.obj
g:\qtproject\ctcproject\x64\debug\moc_servertcp.obj
g:\qtproject\ctcproject\x64\debug\moc_stationctrldispksk.obj
g:\qtproject\ctcproject\x64\debug\moc_sockettcp.obj
g:\qtproject\ctcproject\x64\debug\moc_stationviewksk.obj
g:\qtproject\ctcproject\x64\debug\moc_stationlogdisp.obj
d:\qtproject\ctcproject\x64\debug\uic\ui_stationctrldispksk.h
d:\qtproject\ctcproject\x64\debug\uic\ui_stationlogdispksk.h
d:\qtproject\ctcproject\x64\debug\uic\ui_stationmultidispksk.h
d:\qtproject\ctcproject\x64\debug\uic\ui_stationviewksk.h
d:\qtproject\ctcproject\x64\debug\uic\ui_stationctrldisptky.h
d:\qtproject\ctcproject\x64\debug\uic\ui_stationlogdisptky.h
d:\qtproject\ctcproject\x64\debug\uic\ui_stationmultidisptky.h
d:\qtproject\ctcproject\x64\debug\uic\ui_stationviewtky.h
d:\qtproject\ctcproject\x64\debug\moc\moc_stationviewksk.cpp
d:\qtproject\ctcproject\x64\debug\moc\moc_stationctrldispksk.cpp
d:\qtproject\ctcproject\x64\debug\moc\moc_stationmultidispksk.cpp
d:\qtproject\ctcproject\x64\debug\moc\moc_stationlogdispksk.cpp
d:\qtproject\ctcproject\x64\debug\moc\moc_stationviewtky.cpp
d:\qtproject\ctcproject\x64\debug\moc\moc_stationctrldisptky.cpp
d:\qtproject\ctcproject\x64\debug\moc\moc_stationmultidisptky.cpp
d:\qtproject\ctcproject\x64\debug\moc\moc_stationlogdisptky.cpp
d:\qtproject\ctcproject\x64\debug\moc\moc_devicebase.cpp
d:\qtproject\ctcproject\x64\debug\moc\moc_servertcp.cpp
d:\qtproject\ctcproject\x64\debug\moc\moc_sockettcp.cpp
d:\qtproject\ctcproject\x64\debug\moc\moc_socketudp.cpp
d:\qtproject\ctcproject\x64\debug\moc\moc_stationctrldisp.cpp
d:\qtproject\ctcproject\x64\debug\moc\moc_stationmultidisp.cpp
d:\qtproject\ctcproject\x64\debug\moc\moc_stationlogdisp.cpp
d:\qtproject\ctcproject\x64\debug\moc\moc_ctcmainwindow.cpp
d:\qtproject\ctcproject\bin\qt5cored.dll
d:\qtproject\ctcproject\bin\qt5guid.dll
d:\qtproject\ctcproject\bin\qt5networkd.dll
d:\qtproject\ctcproject\bin\qt5serialportd.dll
d:\qtproject\ctcproject\bin\qt5svgd.dll
d:\qtproject\ctcproject\bin\qt5widgetsd.dll
d:\qtproject\ctcproject\bin\libglesv2d.dll
d:\qtproject\ctcproject\bin\libegld.dll
d:\qtproject\ctcproject\bin\d3dcompiler_47.dll
d:\qtproject\ctcproject\bin\opengl32sw.dll
d:\qtproject\ctcproject\bin\concrt140d.dll
d:\qtproject\ctcproject\bin\msvcp140_1d.dll
d:\qtproject\ctcproject\bin\msvcp140_2d.dll
d:\qtproject\ctcproject\bin\msvcp140d.dll
d:\qtproject\ctcproject\bin\msvcp140d_atomic_wait.dll
d:\qtproject\ctcproject\bin\msvcp140d_codecvt_ids.dll
d:\qtproject\ctcproject\bin\vccorlib140d.dll
d:\qtproject\ctcproject\bin\vcruntime140_1d.dll
d:\qtproject\ctcproject\bin\vcruntime140d.dll
d:\qtproject\ctcproject\bin\bearer\qgenericbearerd.dll
d:\qtproject\ctcproject\bin\iconengines\qsvgicond.dll
d:\qtproject\ctcproject\bin\imageformats\qgifd.dll
d:\qtproject\ctcproject\bin\imageformats\qicnsd.dll
d:\qtproject\ctcproject\bin\imageformats\qicod.dll
d:\qtproject\ctcproject\bin\imageformats\qjpegd.dll
d:\qtproject\ctcproject\bin\imageformats\qsvgd.dll
d:\qtproject\ctcproject\bin\imageformats\qtgad.dll
d:\qtproject\ctcproject\bin\imageformats\qtiffd.dll
d:\qtproject\ctcproject\bin\imageformats\qwbmpd.dll
d:\qtproject\ctcproject\bin\imageformats\qwebpd.dll
d:\qtproject\ctcproject\bin\platforms\qwindowsd.dll
d:\qtproject\ctcproject\bin\styles\qwindowsvistastyled.dll
d:\qtproject\ctcproject\bin\translations\qt_ar.qm
d:\qtproject\ctcproject\bin\translations\qt_bg.qm
d:\qtproject\ctcproject\bin\translations\qt_ca.qm
d:\qtproject\ctcproject\bin\translations\qt_cs.qm
d:\qtproject\ctcproject\bin\translations\qt_da.qm
d:\qtproject\ctcproject\bin\translations\qt_de.qm
d:\qtproject\ctcproject\bin\translations\qt_en.qm
d:\qtproject\ctcproject\bin\translations\qt_es.qm
d:\qtproject\ctcproject\bin\translations\qt_fi.qm
d:\qtproject\ctcproject\bin\translations\qt_fr.qm
d:\qtproject\ctcproject\bin\translations\qt_gd.qm
d:\qtproject\ctcproject\bin\translations\qt_he.qm
d:\qtproject\ctcproject\bin\translations\qt_hu.qm
d:\qtproject\ctcproject\bin\translations\qt_it.qm
d:\qtproject\ctcproject\bin\translations\qt_ja.qm
d:\qtproject\ctcproject\bin\translations\qt_ko.qm
d:\qtproject\ctcproject\bin\translations\qt_lv.qm
d:\qtproject\ctcproject\bin\translations\qt_pl.qm
d:\qtproject\ctcproject\bin\translations\qt_ru.qm
d:\qtproject\ctcproject\bin\translations\qt_sk.qm
d:\qtproject\ctcproject\bin\translations\qt_tr.qm
d:\qtproject\ctcproject\bin\translations\qt_uk.qm
d:\qtproject\ctcproject\bin\translations\qt_zh_tw.qm
d:\qtproject\ctcproject\x64\debug\windeployqt.log
g:\qtproject\ctcproject\x64\debug\moc\moc_stationviewksk.cpp
g:\qtproject\ctcproject\x64\debug\moc\moc_stationctrldispksk.cpp
g:\qtproject\ctcproject\x64\debug\moc\moc_stationmultidispksk.cpp
g:\qtproject\ctcproject\x64\debug\moc\moc_stationlogdispksk.cpp
g:\qtproject\ctcproject\x64\debug\moc\moc_stationviewtky.cpp
g:\qtproject\ctcproject\x64\debug\moc\moc_stationctrldisptky.cpp
g:\qtproject\ctcproject\x64\debug\moc\moc_stationmultidisptky.cpp
g:\qtproject\ctcproject\x64\debug\moc\moc_stationlogdisptky.cpp
g:\qtproject\ctcproject\x64\debug\moc\moc_devicebase.cpp
g:\qtproject\ctcproject\x64\debug\moc\moc_servertcp.cpp
g:\qtproject\ctcproject\x64\debug\moc\moc_sockettcp.cpp
g:\qtproject\ctcproject\x64\debug\moc\moc_socketudp.cpp
g:\qtproject\ctcproject\x64\debug\moc\moc_stationctrldisp.cpp
g:\qtproject\ctcproject\x64\debug\moc\moc_stationmultidisp.cpp
g:\qtproject\ctcproject\x64\debug\moc\moc_stationlogdisp.cpp
g:\qtproject\ctcproject\x64\debug\moc\moc_ctcmainwindow.cpp
g:\qtproject\ctcproject\x64\debug\uic\ui_stationctrldispksk.h
g:\qtproject\ctcproject\x64\debug\uic\ui_stationlogdispksk.h
g:\qtproject\ctcproject\x64\debug\uic\ui_stationmultidispksk.h
g:\qtproject\ctcproject\x64\debug\uic\ui_stationviewksk.h
g:\qtproject\ctcproject\x64\debug\uic\ui_stationctrldisptky.h
g:\qtproject\ctcproject\x64\debug\uic\ui_stationlogdisptky.h
g:\qtproject\ctcproject\x64\debug\uic\ui_stationmultidisptky.h
g:\qtproject\ctcproject\x64\debug\uic\ui_stationviewtky.h
g:\qtproject\ctcproject\bin\qt5cored.dll
g:\qtproject\ctcproject\bin\qt5guid.dll
g:\qtproject\ctcproject\bin\qt5networkd.dll
g:\qtproject\ctcproject\bin\qt5serialportd.dll
g:\qtproject\ctcproject\bin\qt5svgd.dll
g:\qtproject\ctcproject\bin\qt5widgetsd.dll
g:\qtproject\ctcproject\bin\libglesv2d.dll
g:\qtproject\ctcproject\bin\libegld.dll
g:\qtproject\ctcproject\bin\d3dcompiler_47.dll
g:\qtproject\ctcproject\bin\opengl32sw.dll
g:\qtproject\ctcproject\bin\bearer\qgenericbearerd.dll
g:\qtproject\ctcproject\bin\iconengines\qsvgicond.dll
g:\qtproject\ctcproject\bin\imageformats\qgifd.dll
g:\qtproject\ctcproject\bin\imageformats\qicnsd.dll
g:\qtproject\ctcproject\bin\imageformats\qicod.dll
g:\qtproject\ctcproject\bin\imageformats\qjpegd.dll
g:\qtproject\ctcproject\bin\imageformats\qsvgd.dll
g:\qtproject\ctcproject\bin\imageformats\qtgad.dll
g:\qtproject\ctcproject\bin\imageformats\qtiffd.dll
g:\qtproject\ctcproject\bin\imageformats\qwbmpd.dll
g:\qtproject\ctcproject\bin\imageformats\qwebpd.dll
g:\qtproject\ctcproject\bin\platforms\qwindowsd.dll
g:\qtproject\ctcproject\bin\styles\qwindowsvistastyled.dll
g:\qtproject\ctcproject\bin\translations\qt_ar.qm
g:\qtproject\ctcproject\bin\translations\qt_bg.qm
g:\qtproject\ctcproject\bin\translations\qt_ca.qm
g:\qtproject\ctcproject\bin\translations\qt_cs.qm
g:\qtproject\ctcproject\bin\translations\qt_da.qm
g:\qtproject\ctcproject\bin\translations\qt_de.qm
g:\qtproject\ctcproject\bin\translations\qt_en.qm
g:\qtproject\ctcproject\bin\translations\qt_es.qm
g:\qtproject\ctcproject\bin\translations\qt_fi.qm
g:\qtproject\ctcproject\bin\translations\qt_fr.qm
g:\qtproject\ctcproject\bin\translations\qt_gd.qm
g:\qtproject\ctcproject\bin\translations\qt_he.qm
g:\qtproject\ctcproject\bin\translations\qt_hu.qm
g:\qtproject\ctcproject\bin\translations\qt_it.qm
g:\qtproject\ctcproject\bin\translations\qt_ja.qm
g:\qtproject\ctcproject\bin\translations\qt_ko.qm
g:\qtproject\ctcproject\bin\translations\qt_lv.qm
g:\qtproject\ctcproject\bin\translations\qt_pl.qm
g:\qtproject\ctcproject\bin\translations\qt_ru.qm
g:\qtproject\ctcproject\bin\translations\qt_sk.qm
g:\qtproject\ctcproject\bin\translations\qt_tr.qm
g:\qtproject\ctcproject\bin\translations\qt_uk.qm
g:\qtproject\ctcproject\bin\translations\qt_zh_tw.qm
g:\qtproject\ctcproject\x64\debug\windeployqt.log
g:\qtproject\ctcproject\bin\ctcproject.exe
g:\qtproject\ctcproject\bin\ctcproject.ilk
g:\qtproject\ctcproject\bin\ctcproject.pdb
g:\qtproject\ctcproject\x64\debug\ctcproject.tlog\cl.command.1.tlog
g:\qtproject\ctcproject\x64\debug\ctcproject.tlog\cl.read.1.tlog
g:\qtproject\ctcproject\x64\debug\ctcproject.tlog\cl.write.1.tlog
g:\qtproject\ctcproject\x64\debug\ctcproject.tlog\ctcproject.write.1u.tlog
g:\qtproject\ctcproject\x64\debug\ctcproject.tlog\link.command.1.tlog
g:\qtproject\ctcproject\x64\debug\ctcproject.tlog\link.read.1.tlog
g:\qtproject\ctcproject\x64\debug\ctcproject.tlog\link.write.1.tlog
g:\qtproject\ctcproject\x64\debug\ctcproject.tlog\moc.read.1u.tlog
g:\qtproject\ctcproject\x64\debug\ctcproject.tlog\moc.write.1u.tlog
g:\qtproject\ctcproject\x64\debug\ctcproject.tlog\uic.read.1u.tlog
g:\qtproject\ctcproject\x64\debug\ctcproject.tlog\uic.write.1u.tlog
g:\qtproject\ctcproject\x64\debug\ctcproject.tlog\windeployqt.read.1u.tlog
g:\qtproject\ctcproject\x64\debug\ctcproject.tlog\windeployqt.write.1u.tlog
