E:\QtProject\CTCProject\bin\\Qt5Cored.dll
E:\QtProject\CTCProject\bin\\Qt5Guid.dll
E:\QtProject\CTCProject\bin\\Qt5Networkd.dll
E:\QtProject\CTCProject\bin\\Qt5SerialPortd.dll
E:\QtProject\CTCProject\bin\\Qt5Svgd.dll
E:\QtProject\CTCProject\bin\\Qt5Widgetsd.dll
E:\QtProject\CTCProject\bin\\libGLESV2d.dll
E:\QtProject\CTCProject\bin\\libEGLd.dll
E:\QtProject\CTCProject\bin\\D3Dcompiler_47.dll
E:\QtProject\CTCProject\bin\\opengl32sw.dll
E:\QtProject\CTCProject\bin\bearer\qgenericbearerd.dll
E:\QtProject\CTCProject\bin\iconengines\qsvgicond.dll
E:\QtProject\CTCProject\bin\imageformats\qgifd.dll
E:\QtProject\CTCProject\bin\imageformats\qicnsd.dll
E:\QtProject\CTCProject\bin\imageformats\qicod.dll
E:\QtProject\CTCProject\bin\imageformats\qjpegd.dll
E:\QtProject\CTCProject\bin\imageformats\qsvgd.dll
E:\QtProject\CTCProject\bin\imageformats\qtgad.dll
E:\QtProject\CTCProject\bin\imageformats\qtiffd.dll
E:\QtProject\CTCProject\bin\imageformats\qwbmpd.dll
E:\QtProject\CTCProject\bin\imageformats\qwebpd.dll
E:\QtProject\CTCProject\bin\platforms\qwindowsd.dll
E:\QtProject\CTCProject\bin\styles\qwindowsvistastyled.dll
E:\QtProject\CTCProject\bin\translations\qt_ar.qm
E:\QtProject\CTCProject\bin\translations\qtbase_ar.qm
E:\QtProject\CTCProject\bin\translations\qt_bg.qm
E:\QtProject\CTCProject\bin\translations\qtbase_bg.qm
E:\QtProject\CTCProject\bin\translations\qt_ca.qm
E:\QtProject\CTCProject\bin\translations\qtbase_ca.qm
E:\QtProject\CTCProject\bin\translations\qt_cs.qm
E:\QtProject\CTCProject\bin\translations\qtbase_cs.qm
E:\QtProject\CTCProject\bin\translations\qt_da.qm
E:\QtProject\CTCProject\bin\translations\qtbase_da.qm
E:\QtProject\CTCProject\bin\translations\qt_de.qm
E:\QtProject\CTCProject\bin\translations\qtbase_de.qm
E:\QtProject\CTCProject\bin\translations\qtserialport_de.qm
E:\QtProject\CTCProject\bin\translations\qt_en.qm
E:\QtProject\CTCProject\bin\translations\qtbase_en.qm
E:\QtProject\CTCProject\bin\translations\qtserialport_en.qm
E:\QtProject\CTCProject\bin\translations\qt_es.qm
E:\QtProject\CTCProject\bin\translations\qtbase_es.qm
E:\QtProject\CTCProject\bin\translations\qtserialport_es.qm
E:\QtProject\CTCProject\bin\translations\qt_fi.qm
E:\QtProject\CTCProject\bin\translations\qtbase_fi.qm
E:\QtProject\CTCProject\bin\translations\qt_fr.qm
E:\QtProject\CTCProject\bin\translations\qtbase_fr.qm
E:\QtProject\CTCProject\bin\translations\qt_gd.qm
E:\QtProject\CTCProject\bin\translations\qtbase_gd.qm
E:\QtProject\CTCProject\bin\translations\qt_he.qm
E:\QtProject\CTCProject\bin\translations\qtbase_he.qm
E:\QtProject\CTCProject\bin\translations\qt_hu.qm
E:\QtProject\CTCProject\bin\translations\qtbase_hu.qm
E:\QtProject\CTCProject\bin\translations\qt_it.qm
E:\QtProject\CTCProject\bin\translations\qtbase_it.qm
E:\QtProject\CTCProject\bin\translations\qt_ja.qm
E:\QtProject\CTCProject\bin\translations\qtbase_ja.qm
E:\QtProject\CTCProject\bin\translations\qtserialport_ja.qm
E:\QtProject\CTCProject\bin\translations\qt_ko.qm
E:\QtProject\CTCProject\bin\translations\qtbase_ko.qm
E:\QtProject\CTCProject\bin\translations\qtserialport_ko.qm
E:\QtProject\CTCProject\bin\translations\qt_lv.qm
E:\QtProject\CTCProject\bin\translations\qtbase_lv.qm
E:\QtProject\CTCProject\bin\translations\qt_pl.qm
E:\QtProject\CTCProject\bin\translations\qtbase_pl.qm
E:\QtProject\CTCProject\bin\translations\qtserialport_pl.qm
E:\QtProject\CTCProject\bin\translations\qt_ru.qm
E:\QtProject\CTCProject\bin\translations\qtbase_ru.qm
E:\QtProject\CTCProject\bin\translations\qtserialport_ru.qm
E:\QtProject\CTCProject\bin\translations\qt_sk.qm
E:\QtProject\CTCProject\bin\translations\qtbase_sk.qm
E:\QtProject\CTCProject\bin\translations\qt_uk.qm
E:\QtProject\CTCProject\bin\translations\qtbase_uk.qm
E:\QtProject\CTCProject\bin\translations\qtserialport_uk.qm
E:\QtProject\CTCProject\bin\translations\qt_zh_TW.qm
E:\QtProject\CTCProject\bin\translations\qtbase_zh_TW.qm
